# JRE version: OpenJDK Runtime Environment Microsoft-13106358 (17.0.18+8) (build 17.0.18+8-LTS)
# Java VM: OpenJDK 64-Bit Server VM Microsoft-13106358 (17.0.18+8-LTS, mixed mode, sharing, tiered, compressed oops, compressed class ptrs, parallel gc, windows-amd64)
GC Precious Log:
 CPUs: 4 total, 4 available
 Memory: 20289M
 Large Page Support: Disabled
 NUMA Support: Disabled
 Compressed Oops: Enabled (Zero based)
 Alignments: Space 512K, Generation 512K, Heap 2M
 Heap Min Capacity: 8M
 Heap Initial Capacity: 318M
 Heap Max Capacity: 8G
 Pre-touch: Disabled
 Parallel Workers: 4
Heap:
 PSYoungGen      total 2267136K, used 1048789K [0x0000000755580000, 0x00000007fc880000, 0x0000000800000000)
  eden space 1786880K, 53% used [0x0000000755580000,0x0000000790008d88,0x00000007c2680000)
  from space 480256K, 18% used [0x00000007df380000,0x00000007e492c800,0x00000007fc880000)
  to   space 472064K, 0% used [0x00000007c2680000,0x00000007c2680000,0x00000007df380000)
 ParOldGen       total 1742848K, used 1536939K [0x0000000600000000, 0x000000066a600000, 0x0000000755580000)
  object space 1742848K, 88% used [0x0000000600000000,0x000000065dceaf60,0x000000066a600000)
 Metaspace       used 426176K, committed 430976K, reserved 1441792K
  class space    used 53618K, committed 56000K, reserved 1048576K
GC Heap History (20 events):
Event: 6235.179 GC heap before
{Heap before GC invocations=162 (full 13):
 PSYoungGen      total 2132480K, used 1839394K [0x0000000755580000, 0x0000000800000000, 0x0000000800000000)
  eden space 1473024K, 100% used [0x0000000755580000,0x00000007af400000,0x00000007af400000)
  from space 659456K, 55% used [0x00000007d7c00000,0x00000007ee1c88c0,0x0000000800000000)
  to   space 661504K, 0% used [0x00000007af400000,0x00000007af400000,0x00000007d7a00000)
 ParOldGen       total 1510912K, used 1206891K [0x0000000600000000, 0x000000065c380000, 0x0000000755580000)
  object space 1510912K, 79% used [0x0000000600000000,0x0000000649a9ae60,0x000000065c380000)
 Metaspace       used 407427K, committed 411968K, reserved 1441792K
  class space    used 51479K, committed 53632K, reserved 1048576K
}
Event: 6235.236 GC heap after
{Heap after GC invocations=162 (full 13):
 PSYoungGen      total 1490944K, used 17635K [0x0000000755580000, 0x0000000800000000, 0x0000000800000000)
  eden space 1473024K, 0% used [0x0000000755580000,0x0000000755580000,0x00000007af400000)
  from space 17920K, 98% used [0x00000007af400000,0x00000007b0538c50,0x00000007b0580000)
  to   space 663040K, 0% used [0x00000007d7880000,0x00000007d7880000,0x0000000800000000)
 ParOldGen       total 1510912K, used 1288618K [0x0000000600000000, 0x000000065c380000, 0x0000000755580000)
  object space 1510912K, 85% used [0x0000000600000000,0x000000064ea6ab70,0x000000065c380000)
 Metaspace       used 407427K, committed 411968K, reserved 1441792K
  class space    used 51479K, committed 53632K, reserved 1048576K
}
Event: 6426.901 GC heap before
{Heap before GC invocations=163 (full 14):
 PSYoungGen      total 1490944K, used 1490659K [0x0000000755580000, 0x0000000800000000, 0x0000000800000000)
  eden space 1473024K, 100% used [0x0000000755580000,0x00000007af400000,0x00000007af400000)
  from space 17920K, 98% used [0x00000007af400000,0x00000007b0538c50,0x00000007b0580000)
  to   space 663040K, 0% used [0x00000007d7880000,0x00000007d7880000,0x0000000800000000)
 ParOldGen       total 1510912K, used 1288618K [0x0000000600000000, 0x000000065c380000, 0x0000000755580000)
  object space 1510912K, 85% used [0x0000000600000000,0x000000064ea6ab70,0x000000065c380000)
 Metaspace       used 407799K, committed 412352K, reserved 1441792K
  class space    used 51506K, committed 53696K, reserved 1048576K
}
Event: 6429.911 GC heap after
{Heap after GC invocations=163 (full 14):
 PSYoungGen      total 2132992K, used 0K [0x0000000755580000, 0x0000000800000000, 0x0000000800000000)
  eden space 1469952K, 0% used [0x0000000755580000,0x0000000755580000,0x00000007af100000)
  from space 663040K, 0% used [0x00000007d7880000,0x00000007d7880000,0x0000000800000000)
  to   space 663040K, 0% used [0x00000007af100000,0x00000007af100000,0x00000007d7880000)
 ParOldGen       total 1742848K, used 903038K [0x0000000600000000, 0x000000066a600000, 0x0000000755580000)
  object space 1742848K, 51% used [0x0000000600000000,0x00000006371dfbc8,0x000000066a600000)
 Metaspace       used 388363K, committed 394304K, reserved 1441792K
  class space    used 49036K, committed 51584K, reserved 1048576K
}
Event: 7694.847 GC heap before
{Heap before GC invocations=164 (full 14):
 PSYoungGen      total 2132992K, used 1469952K [0x0000000755580000, 0x0000000800000000, 0x0000000800000000)
  eden space 1469952K, 100% used [0x0000000755580000,0x00000007af100000,0x00000007af100000)
  from space 663040K, 0% used [0x00000007d7880000,0x00000007d7880000,0x0000000800000000)
  to   space 663040K, 0% used [0x00000007af100000,0x00000007af100000,0x00000007d7880000)
 ParOldGen       total 1742848K, used 903038K [0x0000000600000000, 0x000000066a600000, 0x0000000755580000)
  object space 1742848K, 51% used [0x0000000600000000,0x00000006371dfbc8,0x000000066a600000)
 Metaspace       used 388455K, committed 394304K, reserved 1441792K
  class space    used 49038K, committed 51584K, reserved 1048576K
}
Event: 7694.977 GC heap after
{Heap after GC invocations=164 (full 14):
 PSYoungGen      total 1558528K, used 88522K [0x0000000755580000, 0x00000007fdf00000, 0x0000000800000000)
  eden space 1469952K, 0% used [0x0000000755580000,0x0000000755580000,0x00000007af100000)
  from space 88576K, 99% used [0x00000007af100000,0x00000007b47729f8,0x00000007b4780000)
  to   space 646144K, 0% used [0x00000007d6800000,0x00000007d6800000,0x00000007fdf00000)
 ParOldGen       total 1742848K, used 903038K [0x0000000600000000, 0x000000066a600000, 0x0000000755580000)
  object space 1742848K, 51% used [0x0000000600000000,0x00000006371dfbc8,0x000000066a600000)
 Metaspace       used 388455K, committed 394304K, reserved 1441792K
  class space    used 49038K, committed 51584K, reserved 1048576K
}
Event: 7708.547 GC heap before
{Heap before GC invocations=165 (full 14):
 PSYoungGen      total 1558528K, used 1558474K [0x0000000755580000, 0x00000007fdf00000, 0x0000000800000000)
  eden space 1469952K, 100% used [0x0000000755580000,0x00000007af100000,0x00000007af100000)
  from space 88576K, 99% used [0x00000007af100000,0x00000007b47729f8,0x00000007b4780000)
  to   space 646144K, 0% used [0x00000007d6800000,0x00000007d6800000,0x00000007fdf00000)
 ParOldGen       total 1742848K, used 903038K [0x0000000600000000, 0x000000066a600000, 0x0000000755580000)
  object space 1742848K, 51% used [0x0000000600000000,0x00000006371dfbc8,0x000000066a600000)
 Metaspace       used 388967K, committed 394304K, reserved 1441792K
  class space    used 49102K, committed 51584K, reserved 1048576K
}
Event: 7708.872 GC heap after
{Heap after GC invocations=165 (full 14):
 PSYoungGen      total 2150400K, used 175369K [0x0000000755580000, 0x0000000800000000, 0x0000000800000000)
  eden space 1504256K, 0% used [0x0000000755580000,0x0000000755580000,0x00000007b1280000)
  from space 646144K, 27% used [0x00000007d6800000,0x00000007e13425d8,0x00000007fdf00000)
  to   space 611840K, 0% used [0x00000007b1280000,0x00000007b1280000,0x00000007d6800000)
 ParOldGen       total 1742848K, used 960184K [0x0000000600000000, 0x000000066a600000, 0x0000000755580000)
  object space 1742848K, 55% used [0x0000000600000000,0x000000063a9ae1a0,0x000000066a600000)
 Metaspace       used 388967K, committed 394304K, reserved 1441792K
  class space    used 49102K, committed 51584K, reserved 1048576K
}
Event: 7732.565 GC heap before
{Heap before GC invocations=166 (full 14):
 PSYoungGen      total 2150400K, used 1679625K [0x0000000755580000, 0x0000000800000000, 0x0000000800000000)
  eden space 1504256K, 100% used [0x0000000755580000,0x00000007b1280000,0x00000007b1280000)
  from space 646144K, 27% used [0x00000007d6800000,0x00000007e13425d8,0x00000007fdf00000)
  to   space 611840K, 0% used [0x00000007b1280000,0x00000007b1280000,0x00000007d6800000)
 ParOldGen       total 1742848K, used 960184K [0x0000000600000000, 0x000000066a600000, 0x0000000755580000)
  object space 1742848K, 55% used [0x0000000600000000,0x000000063a9ae1a0,0x000000066a600000)
 Metaspace       used 403563K, committed 408064K, reserved 1441792K
  class space    used 50903K, committed 53120K, reserved 1048576K
}
Event: 7733.024 GC heap after
{Heap after GC invocations=166 (full 14):
 PSYoungGen      total 2116096K, used 179089K [0x0000000755580000, 0x00000007f9e80000, 0x0000000800000000)
  eden space 1504256K, 0% used [0x0000000755580000,0x0000000755580000,0x00000007b1280000)
  from space 611840K, 29% used [0x00000007b1280000,0x00000007bc164580,0x00000007d6800000)
  to   space 579072K, 0% used [0x00000007d6900000,0x00000007d6900000,0x00000007f9e80000)
 ParOldGen       total 1742848K, used 1117126K [0x0000000600000000, 0x000000066a600000, 0x0000000755580000)
  object space 1742848K, 64% used [0x0000000600000000,0x00000006442f1aa0,0x000000066a600000)
 Metaspace       used 403563K, committed 408064K, reserved 1441792K
  class space    used 50903K, committed 53120K, reserved 1048576K
}
Event: 8318.235 GC heap before
{Heap before GC invocations=167 (full 14):
 PSYoungGen      total 2116096K, used 1683345K [0x0000000755580000, 0x00000007f9e80000, 0x0000000800000000)
  eden space 1504256K, 100% used [0x0000000755580000,0x00000007b1280000,0x00000007b1280000)
  from space 611840K, 29% used [0x00000007b1280000,0x00000007bc164580,0x00000007d6800000)
  to   space 579072K, 0% used [0x00000007d6900000,0x00000007d6900000,0x00000007f9e80000)
 ParOldGen       total 1742848K, used 1117126K [0x0000000600000000, 0x000000066a600000, 0x0000000755580000)
  object space 1742848K, 64% used [0x0000000600000000,0x00000006442f1aa0,0x000000066a600000)
 Metaspace       used 407778K, committed 412352K, reserved 1441792K
  class space    used 51447K, committed 53696K, reserved 1048576K
}
Event: 8318.459 GC heap after
{Heap after GC invocations=167 (full 14):
 PSYoungGen      total 2135552K, used 107000K [0x0000000755580000, 0x00000007fbc00000, 0x0000000800000000)
  eden space 1556480K, 0% used [0x0000000755580000,0x0000000755580000,0x00000007b4580000)
  from space 579072K, 18% used [0x00000007d6900000,0x00000007dd17e230,0x00000007f9e80000)
  to   space 560640K, 0% used [0x00000007b4580000,0x00000007b4580000,0x00000007d6900000)
 ParOldGen       total 1742848K, used 1136604K [0x0000000600000000, 0x000000066a600000, 0x0000000755580000)
  object space 1742848K, 65% used [0x0000000600000000,0x00000006455f7010,0x000000066a600000)
 Metaspace       used 407778K, committed 412352K, reserved 1441792K
  class space    used 51447K, committed 53696K, reserved 1048576K
}
Event: 8333.363 GC heap before
{Heap before GC invocations=168 (full 14):
 PSYoungGen      total 2135552K, used 1663480K [0x0000000755580000, 0x00000007fbc00000, 0x0000000800000000)
  eden space 1556480K, 100% used [0x0000000755580000,0x00000007b4580000,0x00000007b4580000)
  from space 579072K, 18% used [0x00000007d6900000,0x00000007dd17e230,0x00000007f9e80000)
  to   space 560640K, 0% used [0x00000007b4580000,0x00000007b4580000,0x00000007d6900000)
 ParOldGen       total 1742848K, used 1136604K [0x0000000600000000, 0x000000066a600000, 0x0000000755580000)
  object space 1742848K, 65% used [0x0000000600000000,0x00000006455f7010,0x000000066a600000)
 Metaspace       used 408144K, committed 412736K, reserved 1441792K
  class space    used 51495K, committed 53760K, reserved 1048576K
}
Event: 8333.700 GC heap after
{Heap after GC invocations=168 (full 14):
 PSYoungGen      total 2117120K, used 185315K [0x0000000755580000, 0x00000007faf00000, 0x0000000800000000)
  eden space 1556480K, 0% used [0x0000000755580000,0x0000000755580000,0x00000007b4580000)
  from space 560640K, 33% used [0x00000007b4580000,0x00000007bfa78d98,0x00000007d6900000)
  to   space 528384K, 0% used [0x00000007dab00000,0x00000007dab00000,0x00000007faf00000)
 ParOldGen       total 1742848K, used 1180454K [0x0000000600000000, 0x000000066a600000, 0x0000000755580000)
  object space 1742848K, 67% used [0x0000000600000000,0x00000006480c98f0,0x000000066a600000)
 Metaspace       used 408144K, committed 412736K, reserved 1441792K
  class space    used 51495K, committed 53760K, reserved 1048576K
}
Event: 8382.908 GC heap before
{Heap before GC invocations=169 (full 14):
 PSYoungGen      total 2117120K, used 1741795K [0x0000000755580000, 0x00000007faf00000, 0x0000000800000000)
  eden space 1556480K, 100% used [0x0000000755580000,0x00000007b4580000,0x00000007b4580000)
  from space 560640K, 33% used [0x00000007b4580000,0x00000007bfa78d98,0x00000007d6900000)
  to   space 528384K, 0% used [0x00000007dab00000,0x00000007dab00000,0x00000007faf00000)
 ParOldGen       total 1742848K, used 1182208K [0x0000000600000000, 0x000000066a600000, 0x0000000755580000)
  object space 1742848K, 67% used [0x0000000600000000,0x0000000648280050,0x000000066a600000)
 Metaspace       used 416050K, committed 420672K, reserved 1441792K
  class space    used 52435K, committed 54720K, reserved 1048576K
}
Event: 8383.492 GC heap after
{Heap after GC invocations=169 (full 14):
 PSYoungGen      total 2161152K, used 78515K [0x0000000755580000, 0x00000007f9800000, 0x0000000800000000)
  eden space 1656320K, 0% used [0x0000000755580000,0x0000000755580000,0x00000007ba700000)
  from space 504832K, 15% used [0x00000007dab00000,0x00000007df7acee8,0x00000007f9800000)
  to   space 516608K, 0% used [0x00000007ba700000,0x00000007ba700000,0x00000007d9f80000)
 ParOldGen       total 1742848K, used 1337648K [0x0000000600000000, 0x000000066a600000, 0x0000000755580000)
  object space 1742848K, 76% used [0x0000000600000000,0x0000000651a4c1a8,0x000000066a600000)
 Metaspace       used 416050K, committed 420672K, reserved 1441792K
  class space    used 52435K, committed 54720K, reserved 1048576K
}
Event: 8993.912 GC heap before
{Heap before GC invocations=170 (full 14):
 PSYoungGen      total 2161152K, used 1734835K [0x0000000755580000, 0x00000007f9800000, 0x0000000800000000)
  eden space 1656320K, 100% used [0x0000000755580000,0x00000007ba700000,0x00000007ba700000)
  from space 504832K, 15% used [0x00000007dab00000,0x00000007df7acee8,0x00000007f9800000)
  to   space 516608K, 0% used [0x00000007ba700000,0x00000007ba700000,0x00000007d9f80000)
 ParOldGen       total 1742848K, used 1337649K [0x0000000600000000, 0x000000066a600000, 0x0000000755580000)
  object space 1742848K, 76% used [0x0000000600000000,0x0000000651a4c7b0,0x000000066a600000)
 Metaspace       used 416432K, committed 421184K, reserved 1441792K
  class space    used 52484K, committed 54848K, reserved 1048576K
}
Event: 8994.310 GC heap after
{Heap after GC invocations=170 (full 14):
 PSYoungGen      total 2172928K, used 186547K [0x0000000755580000, 0x00000007fcc80000, 0x0000000800000000)
  eden space 1656320K, 0% used [0x0000000755580000,0x0000000755580000,0x00000007ba700000)
  from space 516608K, 36% used [0x00000007ba700000,0x00000007c5d2cc90,0x00000007d9f80000)
  to   space 484352K, 0% used [0x00000007df380000,0x00000007df380000,0x00000007fcc80000)
 ParOldGen       total 1742848K, used 1373820K [0x0000000600000000, 0x000000066a600000, 0x0000000755580000)
  object space 1742848K, 78% used [0x0000000600000000,0x0000000653d9f2d0,0x000000066a600000)
 Metaspace       used 416432K, committed 421184K, reserved 1441792K
  class space    used 52484K, committed 54848K, reserved 1048576K
}
Event: 9045.391 GC heap before
{Heap before GC invocations=171 (full 14):
 PSYoungGen      total 2172928K, used 1842867K [0x0000000755580000, 0x00000007fcc80000, 0x0000000800000000)
  eden space 1656320K, 100% used [0x0000000755580000,0x00000007ba700000,0x00000007ba700000)
  from space 516608K, 36% used [0x00000007ba700000,0x00000007c5d2cc90,0x00000007d9f80000)
  to   space 484352K, 0% used [0x00000007df380000,0x00000007df380000,0x00000007fcc80000)
 ParOldGen       total 1742848K, used 1373820K [0x0000000600000000, 0x000000066a600000, 0x0000000755580000)
  object space 1742848K, 78% used [0x0000000600000000,0x0000000653d9f2d0,0x000000066a600000)
 Metaspace       used 424563K, committed 429376K, reserved 1441792K
  class space    used 53462K, committed 55872K, reserved 1048576K
}
Event: 9046.111 GC heap after
{Heap after GC invocations=171 (full 14):
 PSYoungGen      total 2267136K, used 87730K [0x0000000755580000, 0x00000007fc880000, 0x0000000800000000)
  eden space 1786880K, 0% used [0x0000000755580000,0x0000000755580000,0x00000007c2680000)
  from space 480256K, 18% used [0x00000007df380000,0x00000007e492c800,0x00000007fc880000)
  to   space 472064K, 0% used [0x00000007c2680000,0x00000007c2680000,0x00000007df380000)
 ParOldGen       total 1742848K, used 1536939K [0x0000000600000000, 0x000000066a600000, 0x0000000755580000)
  object space 1742848K, 88% used [0x0000000600000000,0x000000065dceaf60,0x000000066a600000)
 Metaspace       used 424563K, committed 429376K, reserved 1441792K
  class space    used 53462K, committed 55872K, reserved 1048576K
}

